2017-04-27 19:00:50,648 - boston_YCJ0O4 - INFO - experiment started for:{'latent_noise:': 0.001, 'run_id': 1, 'll': 'UnivariateGaussian', 'max_iter': 200, 'sample_num': 2000, 'experiment': 'boston', 'sparsify_factor': 0, 'git_branch': 'master', 'opt_per_iter': {'hyp': 25, 'll': 25, 'mog': 25}, 'xtol': 0.001, 'random_Z': True, 'git_hash': '2d935520844ccf1f74a1a6aaf35132a56193b971', 'opt_max_evals': None, 'method': 'full', 'model_init': None, 'ftol': 1e-05}
2017-04-27 19:00:50,748 - boston_YCJ0O4 - INFO - iter started 0
2017-04-27 19:00:50,749 - boston_YCJ0O4 - INFO - MoG params
2017-04-27 19:00:50,804 - boston_YCJ0O4 - DEBUG - objective:9917.5730
2017-04-27 19:00:50,846 - boston_YCJ0O4 - DEBUG - objective:9805.3851
2017-04-27 19:00:50,887 - boston_YCJ0O4 - DEBUG - objective:9446.3892
2017-04-27 19:00:50,928 - boston_YCJ0O4 - DEBUG - objective:8948.8047
2017-04-27 19:00:50,976 - boston_YCJ0O4 - DEBUG - objective:8902.0936
2017-04-27 19:00:51,017 - boston_YCJ0O4 - DEBUG - objective:8858.5458
2017-04-27 19:00:51,059 - boston_YCJ0O4 - DEBUG - objective:8850.2947
2017-04-27 19:00:51,106 - boston_YCJ0O4 - DEBUG - objective:8844.5144
2017-04-27 19:00:51,150 - boston_YCJ0O4 - DEBUG - objective:8841.8711
2017-04-27 19:00:51,191 - boston_YCJ0O4 - DEBUG - objective:8841.6747
2017-04-27 19:00:51,233 - boston_YCJ0O4 - DEBUG - objective:8841.6330
2017-04-27 19:00:51,308 - boston_YCJ0O4 - DEBUG - objective:8841.6342
2017-04-27 19:00:51,386 - boston_YCJ0O4 - DEBUG - objective:8841.6284
2017-04-27 19:00:51,429 - boston_YCJ0O4 - DEBUG - objective:8841.6361
2017-04-27 19:00:51,470 - boston_YCJ0O4 - DEBUG - objective:8841.6288
2017-04-27 19:00:51,512 - boston_YCJ0O4 - DEBUG - objective:8841.6284
2017-04-27 19:00:51,556 - boston_YCJ0O4 - DEBUG - objective:8841.6284
2017-04-27 19:00:51,597 - boston_YCJ0O4 - DEBUG - objective:8841.6284
2017-04-27 19:00:51,639 - boston_YCJ0O4 - DEBUG - objective:8841.6284
2017-04-27 19:00:51,683 - boston_YCJ0O4 - DEBUG - objective:8841.6284
2017-04-27 19:00:51,724 - boston_YCJ0O4 - DEBUG - objective:8841.6284
2017-04-27 19:00:51,765 - boston_YCJ0O4 - DEBUG - objective:8841.6284
2017-04-27 19:00:51,809 - boston_YCJ0O4 - DEBUG - objective:8841.6284
2017-04-27 19:00:51,850 - boston_YCJ0O4 - DEBUG - objective:8841.6284
2017-04-27 19:00:51,892 - boston_YCJ0O4 - DEBUG - objective:8841.6284
2017-04-27 19:00:51,936 - boston_YCJ0O4 - DEBUG - objective:8841.6284
2017-04-27 19:00:51,977 - boston_YCJ0O4 - INFO - callback...
2017-04-27 19:00:51,979 - boston_YCJ0O4 - INFO - callback finished
2017-04-27 19:00:51,979 - boston_YCJ0O4 - INFO - ll params
2017-04-27 19:00:52,021 - boston_YCJ0O4 - DEBUG - objective:8841.6284
2017-04-27 19:00:52,075 - boston_YCJ0O4 - DEBUG - objective:4104.8498
2017-04-27 19:00:52,131 - boston_YCJ0O4 - DEBUG - objective:2982.2893
2017-04-27 19:00:52,203 - boston_YCJ0O4 - DEBUG - objective:2275.1192
2017-04-27 19:00:52,239 - boston_YCJ0O4 - DEBUG - objective:1999.7246
2017-04-27 19:00:52,277 - boston_YCJ0O4 - DEBUG - objective:1889.9605
2017-04-27 19:00:52,318 - boston_YCJ0O4 - DEBUG - objective:1858.3532
2017-04-27 19:00:52,363 - boston_YCJ0O4 - DEBUG - objective:1852.6374
2017-04-27 19:00:52,405 - boston_YCJ0O4 - DEBUG - objective:1852.2147
2017-04-27 19:00:52,445 - boston_YCJ0O4 - DEBUG - objective:1852.2077
2017-04-27 19:00:52,486 - boston_YCJ0O4 - DEBUG - objective:1852.2077
2017-04-27 19:00:52,533 - boston_YCJ0O4 - DEBUG - objective:1852.2077
2017-04-27 19:00:52,533 - boston_YCJ0O4 - INFO - hyp params
2017-04-27 19:00:52,632 - boston_YCJ0O4 - DEBUG - objective:1852.2077
2017-04-27 19:00:52,736 - boston_YCJ0O4 - DEBUG - objective:1605.2277
2017-04-27 19:00:52,842 - boston_YCJ0O4 - DEBUG - objective:1349.7028
2017-04-27 19:00:53,006 - boston_YCJ0O4 - DEBUG - objective:1204.0536
2017-04-27 19:00:53,105 - boston_YCJ0O4 - DEBUG - objective:18750.7863
2017-04-27 19:00:53,210 - boston_YCJ0O4 - DEBUG - objective:1094.5888
2017-04-27 19:00:53,315 - boston_YCJ0O4 - DEBUG - objective:1063.5262
2017-04-27 19:00:53,422 - boston_YCJ0O4 - DEBUG - objective:1023.9338
2017-04-27 19:00:53,531 - boston_YCJ0O4 - DEBUG - objective:1022.5034
2017-04-27 19:00:53,632 - boston_YCJ0O4 - DEBUG - objective:1022.0005
2017-04-27 19:00:53,740 - boston_YCJ0O4 - DEBUG - objective:1022.0009
2017-04-27 19:00:53,845 - boston_YCJ0O4 - DEBUG - objective:1021.9999
2017-04-27 19:00:53,947 - boston_YCJ0O4 - DEBUG - objective:1022.0017
2017-04-27 19:00:54,042 - boston_YCJ0O4 - DEBUG - objective:1021.9998
2017-04-27 19:00:54,140 - boston_YCJ0O4 - DEBUG - objective:1022.0017
2017-04-27 19:00:54,240 - boston_YCJ0O4 - DEBUG - objective:1021.9998
2017-04-27 19:00:54,340 - boston_YCJ0O4 - DEBUG - objective:1021.9998
2017-04-27 19:00:54,444 - boston_YCJ0O4 - DEBUG - objective:1021.9998
2017-04-27 19:00:54,604 - boston_YCJ0O4 - DEBUG - objective:1021.9998
2017-04-27 19:00:54,708 - boston_YCJ0O4 - DEBUG - objective:1021.9998
2017-04-27 19:00:54,803 - boston_YCJ0O4 - DEBUG - objective:1021.9998
2017-04-27 19:00:54,898 - boston_YCJ0O4 - DEBUG - objective:1021.9998
2017-04-27 19:00:54,993 - boston_YCJ0O4 - DEBUG - objective:1021.9998
2017-04-27 19:00:55,093 - boston_YCJ0O4 - DEBUG - objective:1021.9998
2017-04-27 19:00:55,195 - boston_YCJ0O4 - DEBUG - objective:1021.9998
2017-04-27 19:00:55,297 - boston_YCJ0O4 - DEBUG - objective:1021.9998
2017-04-27 19:00:55,391 - boston_YCJ0O4 - INFO - iter started 1
2017-04-27 19:00:55,392 - boston_YCJ0O4 - INFO - MoG params
2017-04-27 19:00:55,434 - boston_YCJ0O4 - DEBUG - objective:1021.9998
2017-04-27 19:00:55,475 - boston_YCJ0O4 - DEBUG - objective:1011.6323
2017-04-27 19:00:55,516 - boston_YCJ0O4 - DEBUG - objective:983.5152
2017-04-27 19:00:55,562 - boston_YCJ0O4 - DEBUG - objective:975.0008
2017-04-27 19:00:55,604 - boston_YCJ0O4 - DEBUG - objective:969.5665
2017-04-27 19:00:55,645 - boston_YCJ0O4 - DEBUG - objective:966.0208
2017-04-27 19:00:55,687 - boston_YCJ0O4 - DEBUG - objective:964.8971
2017-04-27 19:00:55,728 - boston_YCJ0O4 - DEBUG - objective:962.7631
2017-04-27 19:00:55,770 - boston_YCJ0O4 - DEBUG - objective:962.0422
2017-04-27 19:00:55,811 - boston_YCJ0O4 - DEBUG - objective:960.8211
2017-04-27 19:00:55,857 - boston_YCJ0O4 - DEBUG - objective:960.5121
2017-04-27 19:00:55,899 - boston_YCJ0O4 - DEBUG - objective:960.2197
2017-04-27 19:00:55,940 - boston_YCJ0O4 - DEBUG - objective:960.0489
2017-04-27 19:00:55,982 - boston_YCJ0O4 - DEBUG - objective:959.7889
2017-04-27 19:00:56,026 - boston_YCJ0O4 - DEBUG - objective:959.6542
2017-04-27 19:00:56,069 - boston_YCJ0O4 - DEBUG - objective:959.5248
2017-04-27 19:00:56,110 - boston_YCJ0O4 - DEBUG - objective:959.3884
2017-04-27 19:00:56,153 - boston_YCJ0O4 - DEBUG - objective:959.3645
2017-04-27 19:00:56,196 - boston_YCJ0O4 - DEBUG - objective:959.2916
2017-04-27 19:00:56,237 - boston_YCJ0O4 - DEBUG - objective:959.2730
2017-04-27 19:00:56,281 - boston_YCJ0O4 - DEBUG - objective:959.2281
2017-04-27 19:00:56,321 - boston_YCJ0O4 - DEBUG - objective:959.1977
2017-04-27 19:00:56,363 - boston_YCJ0O4 - DEBUG - objective:959.2432
2017-04-27 19:00:56,405 - boston_YCJ0O4 - DEBUG - objective:959.1912
2017-04-27 19:00:56,445 - boston_YCJ0O4 - DEBUG - objective:959.1806
2017-04-27 19:00:56,487 - boston_YCJ0O4 - DEBUG - objective:959.1753
2017-04-27 19:00:56,488 - boston_YCJ0O4 - INFO - callback...
2017-04-27 19:00:56,490 - boston_YCJ0O4 - INFO - callback finished
2017-04-27 19:00:56,491 - boston_YCJ0O4 - DEBUG - ftol: 7882.45303953
2017-04-27 19:00:56,491 - boston_YCJ0O4 - INFO - diff:m:1.55450207031 s:0.206983301951
2017-04-27 19:00:56,491 - boston_YCJ0O4 - INFO - ll params
2017-04-27 19:00:56,533 - boston_YCJ0O4 - DEBUG - objective:959.1753
2017-04-27 19:00:56,573 - boston_YCJ0O4 - DEBUG - objective:957.3995
2017-04-27 19:00:56,614 - boston_YCJ0O4 - DEBUG - objective:941.0207
2017-04-27 19:00:56,655 - boston_YCJ0O4 - DEBUG - objective:940.0376
2017-04-27 19:00:56,695 - boston_YCJ0O4 - DEBUG - objective:939.9276
2017-04-27 19:00:56,736 - boston_YCJ0O4 - DEBUG - objective:939.9272
2017-04-27 19:00:56,777 - boston_YCJ0O4 - DEBUG - objective:939.9272
2017-04-27 19:00:56,777 - boston_YCJ0O4 - INFO - hyp params
2017-04-27 19:00:56,884 - boston_YCJ0O4 - DEBUG - objective:939.9272
2017-04-27 19:00:57,005 - boston_YCJ0O4 - DEBUG - objective:1011.2725
2017-04-27 19:00:57,110 - boston_YCJ0O4 - DEBUG - objective:914.3169
2017-04-27 19:00:57,212 - boston_YCJ0O4 - DEBUG - objective:913.6261
2017-04-27 19:00:57,311 - boston_YCJ0O4 - DEBUG - objective:911.7243
2017-04-27 19:00:57,411 - boston_YCJ0O4 - DEBUG - objective:910.5012
2017-04-27 19:00:57,511 - boston_YCJ0O4 - DEBUG - objective:910.2197
2017-04-27 19:00:57,617 - boston_YCJ0O4 - DEBUG - objective:910.1929
2017-04-27 19:00:57,718 - boston_YCJ0O4 - DEBUG - objective:910.1933
2017-04-27 19:00:57,817 - boston_YCJ0O4 - DEBUG - objective:910.1929
2017-04-27 19:00:57,915 - boston_YCJ0O4 - DEBUG - objective:910.1934
2017-04-27 19:00:58,010 - boston_YCJ0O4 - DEBUG - objective:910.1929
2017-04-27 19:00:58,105 - boston_YCJ0O4 - DEBUG - objective:910.1929
2017-04-27 19:00:58,202 - boston_YCJ0O4 - DEBUG - objective:910.1929
2017-04-27 19:00:58,298 - boston_YCJ0O4 - DEBUG - objective:910.1929
2017-04-27 19:00:58,392 - boston_YCJ0O4 - DEBUG - objective:910.1929
2017-04-27 19:00:58,490 - boston_YCJ0O4 - DEBUG - objective:910.1929
2017-04-27 19:00:58,585 - boston_YCJ0O4 - DEBUG - objective:910.1929
2017-04-27 19:00:58,680 - boston_YCJ0O4 - DEBUG - objective:910.1929
2017-04-27 19:00:58,775 - boston_YCJ0O4 - DEBUG - objective:910.1929
2017-04-27 19:00:58,870 - boston_YCJ0O4 - DEBUG - objective:910.1929
2017-04-27 19:00:58,964 - boston_YCJ0O4 - DEBUG - objective:910.1929
2017-04-27 19:00:59,059 - boston_YCJ0O4 - DEBUG - objective:910.1929
2017-04-27 19:00:59,154 - boston_YCJ0O4 - DEBUG - objective:910.1929
2017-04-27 19:00:59,251 - boston_YCJ0O4 - DEBUG - objective:910.1929
2017-04-27 19:00:59,355 - boston_YCJ0O4 - DEBUG - objective:910.1929
2017-04-27 19:00:59,355 - boston_YCJ0O4 - INFO - iter started 2
2017-04-27 19:00:59,355 - boston_YCJ0O4 - INFO - MoG params
2017-04-27 19:00:59,401 - boston_YCJ0O4 - DEBUG - objective:910.1929
2017-04-27 19:00:59,446 - boston_YCJ0O4 - DEBUG - objective:903.8146
2017-04-27 19:00:59,492 - boston_YCJ0O4 - DEBUG - objective:901.6316
2017-04-27 19:00:59,539 - boston_YCJ0O4 - DEBUG - objective:899.9076
2017-04-27 19:00:59,585 - boston_YCJ0O4 - DEBUG - objective:899.5034
2017-04-27 19:00:59,629 - boston_YCJ0O4 - DEBUG - objective:898.7738
2017-04-27 19:00:59,677 - boston_YCJ0O4 - DEBUG - objective:898.5122
2017-04-27 19:00:59,719 - boston_YCJ0O4 - DEBUG - objective:898.1926
2017-04-27 19:00:59,761 - boston_YCJ0O4 - DEBUG - objective:898.0466
2017-04-27 19:00:59,806 - boston_YCJ0O4 - DEBUG - objective:897.9153
2017-04-27 19:00:59,849 - boston_YCJ0O4 - DEBUG - objective:897.9032
2017-04-27 19:00:59,890 - boston_YCJ0O4 - DEBUG - objective:897.8352
2017-04-27 19:00:59,932 - boston_YCJ0O4 - DEBUG - objective:897.7365
2017-04-27 19:00:59,980 - boston_YCJ0O4 - DEBUG - objective:897.6903
2017-04-27 19:01:00,023 - boston_YCJ0O4 - DEBUG - objective:897.6491
2017-04-27 19:01:00,071 - boston_YCJ0O4 - DEBUG - objective:897.6350
2017-04-27 19:01:00,118 - boston_YCJ0O4 - DEBUG - objective:897.6023
2017-04-27 19:01:00,164 - boston_YCJ0O4 - DEBUG - objective:897.5902
2017-04-27 19:01:00,212 - boston_YCJ0O4 - DEBUG - objective:897.5736
2017-04-27 19:01:00,260 - boston_YCJ0O4 - DEBUG - objective:897.5508
2017-04-27 19:01:00,307 - boston_YCJ0O4 - DEBUG - objective:897.5720
2017-04-27 19:01:00,355 - boston_YCJ0O4 - DEBUG - objective:897.5415
2017-04-27 19:01:00,400 - boston_YCJ0O4 - DEBUG - objective:897.5242
2017-04-27 19:01:00,448 - boston_YCJ0O4 - DEBUG - objective:897.5175
2017-04-27 19:01:00,495 - boston_YCJ0O4 - DEBUG - objective:897.5113
2017-04-27 19:01:00,543 - boston_YCJ0O4 - DEBUG - objective:897.5123
2017-04-27 19:01:00,591 - boston_YCJ0O4 - INFO - callback...
2017-04-27 19:01:00,594 - boston_YCJ0O4 - INFO - callback finished
2017-04-27 19:01:00,594 - boston_YCJ0O4 - DEBUG - ftol: 61.6640694821
2017-04-27 19:01:00,594 - boston_YCJ0O4 - INFO - diff:m:0.359800362061 s:0.0635047170417
2017-04-27 19:01:00,594 - boston_YCJ0O4 - INFO - ll params
2017-04-27 19:01:00,639 - boston_YCJ0O4 - DEBUG - objective:897.5113
2017-04-27 19:01:00,684 - boston_YCJ0O4 - DEBUG - objective:918.5937
2017-04-27 19:01:00,728 - boston_YCJ0O4 - DEBUG - objective:886.5251
2017-04-27 19:01:00,768 - boston_YCJ0O4 - DEBUG - objective:886.4756
2017-04-27 19:01:00,810 - boston_YCJ0O4 - DEBUG - objective:886.4731
2017-04-27 19:01:00,853 - boston_YCJ0O4 - DEBUG - objective:886.4731
2017-04-27 19:01:00,896 - boston_YCJ0O4 - DEBUG - objective:886.4731
2017-04-27 19:01:00,896 - boston_YCJ0O4 - INFO - hyp params
2017-04-27 19:01:00,985 - boston_YCJ0O4 - DEBUG - objective:886.4731
2017-04-27 19:01:01,080 - boston_YCJ0O4 - DEBUG - objective:1187.3097
2017-04-27 19:01:01,175 - boston_YCJ0O4 - DEBUG - objective:874.9705
2017-04-27 19:01:01,273 - boston_YCJ0O4 - DEBUG - objective:874.7797
2017-04-27 19:01:01,375 - boston_YCJ0O4 - DEBUG - objective:874.3189
2017-04-27 19:01:01,475 - boston_YCJ0O4 - DEBUG - objective:873.5604
2017-04-27 19:01:01,575 - boston_YCJ0O4 - DEBUG - objective:872.8982
2017-04-27 19:01:01,678 - boston_YCJ0O4 - DEBUG - objective:872.8192
2017-04-27 19:01:01,784 - boston_YCJ0O4 - DEBUG - objective:872.8181
2017-04-27 19:01:01,893 - boston_YCJ0O4 - DEBUG - objective:872.8179
2017-04-27 19:01:02,000 - boston_YCJ0O4 - DEBUG - objective:872.8179
2017-04-27 19:01:02,106 - boston_YCJ0O4 - DEBUG - objective:872.8179
2017-04-27 19:01:02,212 - boston_YCJ0O4 - DEBUG - objective:872.8179
2017-04-27 19:01:02,213 - boston_YCJ0O4 - INFO - iter started 3
2017-04-27 19:01:02,213 - boston_YCJ0O4 - INFO - MoG params
2017-04-27 19:01:02,260 - boston_YCJ0O4 - DEBUG - objective:872.8179
2017-04-27 19:01:02,308 - boston_YCJ0O4 - DEBUG - objective:871.1878
2017-04-27 19:01:02,355 - boston_YCJ0O4 - DEBUG - objective:869.2068
2017-04-27 19:01:02,402 - boston_YCJ0O4 - DEBUG - objective:868.4587
2017-04-27 19:01:02,449 - boston_YCJ0O4 - DEBUG - objective:867.9436
2017-04-27 19:01:02,498 - boston_YCJ0O4 - DEBUG - objective:867.3096
2017-04-27 19:01:02,546 - boston_YCJ0O4 - DEBUG - objective:867.7723
2017-04-27 19:01:02,593 - boston_YCJ0O4 - DEBUG - objective:867.1500
2017-04-27 19:01:02,639 - boston_YCJ0O4 - DEBUG - objective:866.9010
2017-04-27 19:01:02,685 - boston_YCJ0O4 - DEBUG - objective:866.7751
2017-04-27 19:01:02,730 - boston_YCJ0O4 - DEBUG - objective:866.7290
2017-04-27 19:01:02,771 - boston_YCJ0O4 - DEBUG - objective:866.6877
2017-04-27 19:01:02,814 - boston_YCJ0O4 - DEBUG - objective:866.6548
2017-04-27 19:01:02,859 - boston_YCJ0O4 - DEBUG - objective:866.5923
2017-04-27 19:01:02,900 - boston_YCJ0O4 - DEBUG - objective:866.5537
2017-04-27 19:01:02,942 - boston_YCJ0O4 - DEBUG - objective:866.5601
2017-04-27 19:01:02,986 - boston_YCJ0O4 - DEBUG - objective:866.5327
2017-04-27 19:01:03,028 - boston_YCJ0O4 - DEBUG - objective:866.5198
2017-04-27 19:01:03,070 - boston_YCJ0O4 - DEBUG - objective:866.5124
2017-04-27 19:01:03,115 - boston_YCJ0O4 - DEBUG - objective:866.5035
2017-04-27 19:01:03,156 - boston_YCJ0O4 - DEBUG - objective:866.4925
2017-04-27 19:01:03,199 - boston_YCJ0O4 - DEBUG - objective:866.4848
2017-04-27 19:01:03,244 - boston_YCJ0O4 - DEBUG - objective:866.4757
2017-04-27 19:01:03,288 - boston_YCJ0O4 - DEBUG - objective:866.4821
2017-04-27 19:01:03,336 - boston_YCJ0O4 - DEBUG - objective:866.4740
2017-04-27 19:01:03,379 - boston_YCJ0O4 - DEBUG - objective:866.4721
2017-04-27 19:01:03,380 - boston_YCJ0O4 - INFO - callback...
2017-04-27 19:01:03,383 - boston_YCJ0O4 - INFO - callback finished
2017-04-27 19:01:03,383 - boston_YCJ0O4 - DEBUG - ftol: 31.0391209447
2017-04-27 19:01:03,383 - boston_YCJ0O4 - INFO - diff:m:0.214786723829 s:0.0392711435279
2017-04-27 19:01:03,383 - boston_YCJ0O4 - INFO - ll params
2017-04-27 19:01:03,426 - boston_YCJ0O4 - DEBUG - objective:866.4721
2017-04-27 19:01:03,471 - boston_YCJ0O4 - DEBUG - objective:926.7210
2017-04-27 19:01:03,516 - boston_YCJ0O4 - DEBUG - objective:863.5859
2017-04-27 19:01:03,562 - boston_YCJ0O4 - DEBUG - objective:863.5622
2017-04-27 19:01:03,608 - boston_YCJ0O4 - DEBUG - objective:863.5620
2017-04-27 19:01:03,653 - boston_YCJ0O4 - DEBUG - objective:863.5620
2017-04-27 19:01:03,654 - boston_YCJ0O4 - INFO - hyp params
2017-04-27 19:01:03,746 - boston_YCJ0O4 - DEBUG - objective:863.5620
2017-04-27 19:01:03,846 - boston_YCJ0O4 - DEBUG - objective:1613.7735
2017-04-27 19:01:03,946 - boston_YCJ0O4 - DEBUG - objective:861.7465
2017-04-27 19:01:04,046 - boston_YCJ0O4 - DEBUG - objective:859.7750
2017-04-27 19:01:04,187 - boston_YCJ0O4 - DEBUG - objective:859.7273
2017-04-27 19:01:04,285 - boston_YCJ0O4 - DEBUG - objective:859.5848
2017-04-27 19:01:04,386 - boston_YCJ0O4 - DEBUG - objective:859.1700
2017-04-27 19:01:04,488 - boston_YCJ0O4 - DEBUG - objective:858.6001
2017-04-27 19:01:04,594 - boston_YCJ0O4 - DEBUG - objective:858.4590
2017-04-27 19:01:04,699 - boston_YCJ0O4 - DEBUG - objective:858.4591
2017-04-27 19:01:04,804 - boston_YCJ0O4 - DEBUG - objective:858.4589
2017-04-27 19:01:04,914 - boston_YCJ0O4 - DEBUG - objective:858.4595
2017-04-27 19:01:05,042 - boston_YCJ0O4 - DEBUG - objective:858.4589
2017-04-27 19:01:05,143 - boston_YCJ0O4 - DEBUG - objective:858.4589
2017-04-27 19:01:05,239 - boston_YCJ0O4 - DEBUG - objective:858.4589
2017-04-27 19:01:05,335 - boston_YCJ0O4 - DEBUG - objective:858.4595
2017-04-27 19:01:05,437 - boston_YCJ0O4 - DEBUG - objective:858.4589
2017-04-27 19:01:05,539 - boston_YCJ0O4 - DEBUG - objective:858.4589
2017-04-27 19:01:05,644 - boston_YCJ0O4 - DEBUG - objective:858.4589
2017-04-27 19:01:05,750 - boston_YCJ0O4 - DEBUG - objective:858.4589
2017-04-27 19:01:05,856 - boston_YCJ0O4 - DEBUG - objective:858.4589
2017-04-27 19:01:05,959 - boston_YCJ0O4 - DEBUG - objective:858.4589
2017-04-27 19:01:06,062 - boston_YCJ0O4 - DEBUG - objective:858.4589
2017-04-27 19:01:06,163 - boston_YCJ0O4 - DEBUG - objective:858.4589
2017-04-27 19:01:06,265 - boston_YCJ0O4 - DEBUG - objective:858.4589
2017-04-27 19:01:06,361 - boston_YCJ0O4 - DEBUG - objective:858.4589
2017-04-27 19:01:06,362 - boston_YCJ0O4 - INFO - iter started 4
2017-04-27 19:01:06,362 - boston_YCJ0O4 - INFO - MoG params
2017-04-27 19:01:06,412 - boston_YCJ0O4 - DEBUG - objective:858.4589
2017-04-27 19:01:06,459 - boston_YCJ0O4 - DEBUG - objective:864.8519
2017-04-27 19:01:06,510 - boston_YCJ0O4 - DEBUG - objective:857.4432
2017-04-27 19:01:06,608 - boston_YCJ0O4 - DEBUG - objective:857.1163
2017-04-27 19:01:06,681 - boston_YCJ0O4 - DEBUG - objective:856.8033
2017-04-27 19:01:06,743 - boston_YCJ0O4 - DEBUG - objective:856.3787
2017-04-27 19:01:06,814 - boston_YCJ0O4 - DEBUG - objective:856.3335
2017-04-27 19:01:06,861 - boston_YCJ0O4 - DEBUG - objective:856.1720
2017-04-27 19:01:06,918 - boston_YCJ0O4 - DEBUG - objective:856.1013
2017-04-27 19:01:06,970 - boston_YCJ0O4 - DEBUG - objective:856.0363
2017-04-27 19:01:07,027 - boston_YCJ0O4 - DEBUG - objective:855.9798
2017-04-27 19:01:07,072 - boston_YCJ0O4 - DEBUG - objective:855.9614
2017-04-27 19:01:07,120 - boston_YCJ0O4 - DEBUG - objective:855.9376
2017-04-27 19:01:07,166 - boston_YCJ0O4 - DEBUG - objective:855.9296
2017-04-27 19:01:07,228 - boston_YCJ0O4 - DEBUG - objective:855.9188
2017-04-27 19:01:07,278 - boston_YCJ0O4 - DEBUG - objective:855.9074
2017-04-27 19:01:07,320 - boston_YCJ0O4 - DEBUG - objective:855.8992
2017-04-27 19:01:07,371 - boston_YCJ0O4 - DEBUG - objective:855.8932
2017-04-27 19:01:07,415 - boston_YCJ0O4 - DEBUG - objective:855.8901
2017-04-27 19:01:07,466 - boston_YCJ0O4 - DEBUG - objective:855.8850
2017-04-27 19:01:07,521 - boston_YCJ0O4 - DEBUG - objective:855.8868
2017-04-27 19:01:07,577 - boston_YCJ0O4 - DEBUG - objective:855.8799
2017-04-27 19:01:07,628 - boston_YCJ0O4 - DEBUG - objective:855.8726
2017-04-27 19:01:07,682 - boston_YCJ0O4 - DEBUG - objective:855.8700
2017-04-27 19:01:07,744 - boston_YCJ0O4 - DEBUG - objective:855.8685
2017-04-27 19:01:07,796 - boston_YCJ0O4 - DEBUG - objective:855.8682
2017-04-27 19:01:07,796 - boston_YCJ0O4 - INFO - callback...
2017-04-27 19:01:07,800 - boston_YCJ0O4 - INFO - callback finished
2017-04-27 19:01:07,800 - boston_YCJ0O4 - DEBUG - ftol: 10.6039216205
2017-04-27 19:01:07,800 - boston_YCJ0O4 - INFO - diff:m:0.131119927441 s:0.0208060795643
2017-04-27 19:01:07,800 - boston_YCJ0O4 - INFO - ll params
2017-04-27 19:01:07,852 - boston_YCJ0O4 - DEBUG - objective:855.8682
2017-04-27 19:01:07,935 - boston_YCJ0O4 - DEBUG - objective:942.8045
2017-04-27 19:01:08,054 - boston_YCJ0O4 - DEBUG - objective:855.3556
2017-04-27 19:01:08,132 - boston_YCJ0O4 - DEBUG - objective:855.3515
2017-04-27 19:01:08,196 - boston_YCJ0O4 - DEBUG - objective:855.3515
2017-04-27 19:01:08,254 - boston_YCJ0O4 - DEBUG - objective:855.3515
2017-04-27 19:01:08,254 - boston_YCJ0O4 - INFO - hyp params
2017-04-27 19:01:08,381 - boston_YCJ0O4 - DEBUG - objective:855.3515
2017-04-27 19:01:08,492 - boston_YCJ0O4 - DEBUG - objective:1888.9166
2017-04-27 19:01:08,596 - boston_YCJ0O4 - DEBUG - objective:858.6074
2017-04-27 19:01:08,693 - boston_YCJ0O4 - DEBUG - objective:854.1850
2017-04-27 19:01:08,791 - boston_YCJ0O4 - DEBUG - objective:854.1671
2017-04-27 19:01:08,908 - boston_YCJ0O4 - DEBUG - objective:854.1041
2017-04-27 19:01:09,045 - boston_YCJ0O4 - DEBUG - objective:853.7311
2017-04-27 19:01:09,149 - boston_YCJ0O4 - DEBUG - objective:853.4981
2017-04-27 19:01:09,254 - boston_YCJ0O4 - DEBUG - objective:853.4423
2017-04-27 19:01:09,352 - boston_YCJ0O4 - DEBUG - objective:853.4413
2017-04-27 19:01:09,450 - boston_YCJ0O4 - DEBUG - objective:853.4410
2017-04-27 19:01:09,549 - boston_YCJ0O4 - DEBUG - objective:853.4409
2017-04-27 19:01:09,647 - boston_YCJ0O4 - DEBUG - objective:853.4409
2017-04-27 19:01:09,748 - boston_YCJ0O4 - DEBUG - objective:853.4409
2017-04-27 19:01:09,749 - boston_YCJ0O4 - INFO - iter started 5
2017-04-27 19:01:09,749 - boston_YCJ0O4 - INFO - MoG params
2017-04-27 19:01:09,793 - boston_YCJ0O4 - DEBUG - objective:853.4409
2017-04-27 19:01:09,835 - boston_YCJ0O4 - DEBUG - objective:869.2889
2017-04-27 19:01:09,879 - boston_YCJ0O4 - DEBUG - objective:853.0148
2017-04-27 19:01:09,925 - boston_YCJ0O4 - DEBUG - objective:852.8905
2017-04-27 19:01:09,968 - boston_YCJ0O4 - DEBUG - objective:852.7990
2017-04-27 19:01:10,017 - boston_YCJ0O4 - DEBUG - objective:852.6145
2017-04-27 19:01:10,062 - boston_YCJ0O4 - DEBUG - objective:852.5902
2017-04-27 19:01:10,111 - boston_YCJ0O4 - DEBUG - objective:852.5383
2017-04-27 19:01:10,158 - boston_YCJ0O4 - DEBUG - objective:852.4940
2017-04-27 19:01:10,202 - boston_YCJ0O4 - DEBUG - objective:852.4612
2017-04-27 19:01:10,252 - boston_YCJ0O4 - DEBUG - objective:852.4298
2017-04-27 19:01:10,301 - boston_YCJ0O4 - DEBUG - objective:852.4156
2017-04-27 19:01:10,351 - boston_YCJ0O4 - DEBUG - objective:852.4096
2017-04-27 19:01:10,408 - boston_YCJ0O4 - DEBUG - objective:852.4049
2017-04-27 19:01:10,458 - boston_YCJ0O4 - DEBUG - objective:852.4024
2017-04-27 19:01:10,534 - boston_YCJ0O4 - DEBUG - objective:852.3997
2017-04-27 19:01:10,590 - boston_YCJ0O4 - DEBUG - objective:852.3952
2017-04-27 19:01:10,641 - boston_YCJ0O4 - DEBUG - objective:852.3898
2017-04-27 19:01:10,686 - boston_YCJ0O4 - DEBUG - objective:852.3944
2017-04-27 19:01:10,728 - boston_YCJ0O4 - DEBUG - objective:852.3874
2017-04-27 19:01:10,771 - boston_YCJ0O4 - DEBUG - objective:852.3843
2017-04-27 19:01:10,817 - boston_YCJ0O4 - DEBUG - objective:852.3819
2017-04-27 19:01:10,859 - boston_YCJ0O4 - DEBUG - objective:852.3786
2017-04-27 19:01:10,908 - boston_YCJ0O4 - DEBUG - objective:852.3788
2017-04-27 19:01:10,952 - boston_YCJ0O4 - DEBUG - objective:852.3771
2017-04-27 19:01:10,994 - boston_YCJ0O4 - DEBUG - objective:852.3738
2017-04-27 19:01:10,995 - boston_YCJ0O4 - INFO - callback...
2017-04-27 19:01:10,998 - boston_YCJ0O4 - INFO - callback finished
2017-04-27 19:01:10,998 - boston_YCJ0O4 - DEBUG - ftol: 3.49442160502
2017-04-27 19:01:10,998 - boston_YCJ0O4 - INFO - diff:m:0.084157754781 s:0.0109292669062
2017-04-27 19:01:10,999 - boston_YCJ0O4 - INFO - ll params
2017-04-27 19:01:11,046 - boston_YCJ0O4 - DEBUG - objective:852.3738
2017-04-27 19:01:11,089 - boston_YCJ0O4 - DEBUG - objective:951.3825
2017-04-27 19:01:11,132 - boston_YCJ0O4 - DEBUG - objective:852.2863
2017-04-27 19:01:11,174 - boston_YCJ0O4 - DEBUG - objective:852.2857
2017-04-27 19:01:11,220 - boston_YCJ0O4 - DEBUG - objective:852.2857
2017-04-27 19:01:11,266 - boston_YCJ0O4 - DEBUG - objective:852.2857
2017-04-27 19:01:11,267 - boston_YCJ0O4 - INFO - hyp params
2017-04-27 19:01:11,425 - boston_YCJ0O4 - DEBUG - objective:852.2857
2017-04-27 19:01:11,529 - boston_YCJ0O4 - DEBUG - objective:1967.0845
2017-04-27 19:01:11,634 - boston_YCJ0O4 - DEBUG - objective:857.3507
2017-04-27 19:01:11,737 - boston_YCJ0O4 - DEBUG - objective:851.8996
2017-04-27 19:01:11,843 - boston_YCJ0O4 - DEBUG - objective:851.8944
2017-04-27 19:01:11,941 - boston_YCJ0O4 - DEBUG - objective:851.8777
2017-04-27 19:01:12,039 - boston_YCJ0O4 - DEBUG - objective:851.8051
2017-04-27 19:01:12,216 - boston_YCJ0O4 - DEBUG - objective:851.6836
2017-04-27 19:01:12,318 - boston_YCJ0O4 - DEBUG - objective:851.6125
2017-04-27 19:01:12,421 - boston_YCJ0O4 - DEBUG - objective:851.6035
2017-04-27 19:01:12,524 - boston_YCJ0O4 - DEBUG - objective:851.6027
2017-04-27 19:01:12,628 - boston_YCJ0O4 - DEBUG - objective:851.6025
2017-04-27 19:01:12,726 - boston_YCJ0O4 - DEBUG - objective:851.6024
2017-04-27 19:01:12,829 - boston_YCJ0O4 - DEBUG - objective:851.6024
2017-04-27 19:01:12,936 - boston_YCJ0O4 - DEBUG - objective:851.6024
2017-04-27 19:01:13,039 - boston_YCJ0O4 - DEBUG - objective:851.6024
2017-04-27 19:01:13,140 - boston_YCJ0O4 - DEBUG - objective:851.6024
2017-04-27 19:01:13,141 - boston_YCJ0O4 - DEBUG - objective:851.6024
2017-04-27 19:01:13,244 - boston_YCJ0O4 - DEBUG - objective:851.6024
2017-04-27 19:01:13,346 - boston_YCJ0O4 - DEBUG - objective:851.6024
2017-04-27 19:01:13,347 - boston_YCJ0O4 - DEBUG - objective:851.6024
2017-04-27 19:01:13,450 - boston_YCJ0O4 - DEBUG - objective:851.6024
2017-04-27 19:01:13,553 - boston_YCJ0O4 - DEBUG - objective:851.6024
2017-04-27 19:01:13,554 - boston_YCJ0O4 - DEBUG - objective:851.6024
2017-04-27 19:01:13,656 - boston_YCJ0O4 - DEBUG - objective:851.6024
2017-04-27 19:01:13,756 - boston_YCJ0O4 - DEBUG - objective:851.6024
2017-04-27 19:01:13,756 - boston_YCJ0O4 - INFO - iter started 6
2017-04-27 19:01:13,756 - boston_YCJ0O4 - INFO - MoG params
2017-04-27 19:01:13,801 - boston_YCJ0O4 - DEBUG - objective:851.6024
2017-04-27 19:01:13,843 - boston_YCJ0O4 - DEBUG - objective:876.0554
2017-04-27 19:01:13,885 - boston_YCJ0O4 - DEBUG - objective:851.4432
2017-04-27 19:01:13,942 - boston_YCJ0O4 - DEBUG - objective:851.3889
2017-04-27 19:01:13,991 - boston_YCJ0O4 - DEBUG - objective:851.3530
2017-04-27 19:01:14,039 - boston_YCJ0O4 - DEBUG - objective:851.2840
2017-04-27 19:01:14,082 - boston_YCJ0O4 - DEBUG - objective:851.2687
2017-04-27 19:01:14,131 - boston_YCJ0O4 - DEBUG - objective:851.2488
2017-04-27 19:01:14,176 - boston_YCJ0O4 - DEBUG - objective:851.2308
2017-04-27 19:01:14,221 - boston_YCJ0O4 - DEBUG - objective:851.2230
2017-04-27 19:01:14,271 - boston_YCJ0O4 - DEBUG - objective:851.2184
2017-04-27 19:01:14,319 - boston_YCJ0O4 - DEBUG - objective:851.2143
2017-04-27 19:01:14,362 - boston_YCJ0O4 - DEBUG - objective:851.2124
2017-04-27 19:01:14,412 - boston_YCJ0O4 - DEBUG - objective:851.2067
2017-04-27 19:01:14,459 - boston_YCJ0O4 - DEBUG - objective:851.2075
2017-04-27 19:01:14,518 - boston_YCJ0O4 - DEBUG - objective:851.2043
2017-04-27 19:01:14,587 - boston_YCJ0O4 - DEBUG - objective:851.2029
2017-04-27 19:01:14,652 - boston_YCJ0O4 - DEBUG - objective:851.2019
2017-04-27 19:01:14,702 - boston_YCJ0O4 - DEBUG - objective:851.2000
2017-04-27 19:01:14,750 - boston_YCJ0O4 - DEBUG - objective:851.1966
2017-04-27 19:01:14,798 - boston_YCJ0O4 - DEBUG - objective:851.2024
2017-04-27 19:01:14,845 - boston_YCJ0O4 - DEBUG - objective:851.1958
2017-04-27 19:01:14,894 - boston_YCJ0O4 - DEBUG - objective:851.1929
2017-04-27 19:01:14,942 - boston_YCJ0O4 - DEBUG - objective:851.1908
2017-04-27 19:01:14,991 - boston_YCJ0O4 - DEBUG - objective:851.1888
2017-04-27 19:01:15,038 - boston_YCJ0O4 - DEBUG - objective:851.1901
2017-04-27 19:01:15,087 - boston_YCJ0O4 - INFO - callback...
2017-04-27 19:01:15,091 - boston_YCJ0O4 - INFO - callback finished
2017-04-27 19:01:15,091 - boston_YCJ0O4 - DEBUG - ftol: 1.18504567519
2017-04-27 19:01:15,092 - boston_YCJ0O4 - INFO - diff:m:0.0546560449366 s:0.0059504740469
2017-04-27 19:01:15,092 - boston_YCJ0O4 - INFO - ll params
2017-04-27 19:01:15,138 - boston_YCJ0O4 - DEBUG - objective:851.1888
2017-04-27 19:01:15,186 - boston_YCJ0O4 - DEBUG - objective:955.5224
2017-04-27 19:01:15,232 - boston_YCJ0O4 - DEBUG - objective:851.1756
2017-04-27 19:01:15,280 - boston_YCJ0O4 - DEBUG - objective:851.1755
2017-04-27 19:01:15,371 - boston_YCJ0O4 - DEBUG - objective:851.1755
2017-04-27 19:01:15,372 - boston_YCJ0O4 - INFO - hyp params
2017-04-27 19:01:15,487 - boston_YCJ0O4 - DEBUG - objective:851.1755
2017-04-27 19:01:15,585 - boston_YCJ0O4 - DEBUG - objective:1999.3988
2017-04-27 19:01:15,683 - boston_YCJ0O4 - DEBUG - objective:856.9459
2017-04-27 19:01:15,782 - boston_YCJ0O4 - DEBUG - objective:851.0384
2017-04-27 19:01:15,881 - boston_YCJ0O4 - DEBUG - objective:851.0371
2017-04-27 19:01:15,979 - boston_YCJ0O4 - DEBUG - objective:851.0233
2017-04-27 19:01:16,079 - boston_YCJ0O4 - DEBUG - objective:851.0039
2017-04-27 19:01:16,233 - boston_YCJ0O4 - DEBUG - objective:850.9722
2017-04-27 19:01:16,338 - boston_YCJ0O4 - DEBUG - objective:850.9491
2017-04-27 19:01:16,438 - boston_YCJ0O4 - DEBUG - objective:850.9466
2017-04-27 19:01:16,539 - boston_YCJ0O4 - DEBUG - objective:850.9463
2017-04-27 19:01:16,638 - boston_YCJ0O4 - DEBUG - objective:850.9462
2017-04-27 19:01:16,743 - boston_YCJ0O4 - DEBUG - objective:850.9462
2017-04-27 19:01:16,848 - boston_YCJ0O4 - DEBUG - objective:850.9462
2017-04-27 19:01:16,848 - boston_YCJ0O4 - INFO - iter started 7
2017-04-27 19:01:16,849 - boston_YCJ0O4 - INFO - MoG params
2017-04-27 19:01:16,912 - boston_YCJ0O4 - DEBUG - objective:850.9462
2017-04-27 19:01:16,980 - boston_YCJ0O4 - DEBUG - objective:881.1817
2017-04-27 19:01:17,031 - boston_YCJ0O4 - DEBUG - objective:850.8924
2017-04-27 19:01:17,074 - boston_YCJ0O4 - DEBUG - objective:850.8723
2017-04-27 19:01:17,119 - boston_YCJ0O4 - DEBUG - objective:850.8572
2017-04-27 19:01:17,161 - boston_YCJ0O4 - DEBUG - objective:850.8335
2017-04-27 19:01:17,206 - boston_YCJ0O4 - DEBUG - objective:850.8269
2017-04-27 19:01:17,251 - boston_YCJ0O4 - DEBUG - objective:850.8201
2017-04-27 19:01:17,294 - boston_YCJ0O4 - DEBUG - objective:850.8142
2017-04-27 19:01:17,337 - boston_YCJ0O4 - DEBUG - objective:850.8094
2017-04-27 19:01:17,382 - boston_YCJ0O4 - DEBUG - objective:850.8044
2017-04-27 19:01:17,424 - boston_YCJ0O4 - DEBUG - objective:850.8022
2017-04-27 19:01:17,468 - boston_YCJ0O4 - DEBUG - objective:850.8005
2017-04-27 19:01:17,512 - boston_YCJ0O4 - DEBUG - objective:850.7986
2017-04-27 19:01:17,554 - boston_YCJ0O4 - DEBUG - objective:850.7958
2017-04-27 19:01:17,598 - boston_YCJ0O4 - DEBUG - objective:850.7949
2017-04-27 19:01:17,643 - boston_YCJ0O4 - DEBUG - objective:850.7946
2017-04-27 19:01:17,688 - boston_YCJ0O4 - DEBUG - objective:850.7930
2017-04-27 19:01:17,737 - boston_YCJ0O4 - DEBUG - objective:850.7916
2017-04-27 19:01:17,782 - boston_YCJ0O4 - DEBUG - objective:850.7901
2017-04-27 19:01:17,830 - boston_YCJ0O4 - DEBUG - objective:850.7899
2017-04-27 19:01:17,879 - boston_YCJ0O4 - DEBUG - objective:850.7881
2017-04-27 19:01:17,928 - boston_YCJ0O4 - DEBUG - objective:850.7876
2017-04-27 19:01:17,977 - boston_YCJ0O4 - DEBUG - objective:850.7870
2017-04-27 19:01:18,025 - boston_YCJ0O4 - DEBUG - objective:850.7865
2017-04-27 19:01:18,074 - boston_YCJ0O4 - DEBUG - objective:850.7860
2017-04-27 19:01:18,075 - boston_YCJ0O4 - INFO - callback...
2017-04-27 19:01:18,079 - boston_YCJ0O4 - INFO - callback finished
2017-04-27 19:01:18,079 - boston_YCJ0O4 - DEBUG - ftol: 0.402807641762
2017-04-27 19:01:18,079 - boston_YCJ0O4 - INFO - diff:m:0.0393203642925 s:0.00364721601476
2017-04-27 19:01:18,080 - boston_YCJ0O4 - INFO - ll params
2017-04-27 19:01:18,126 - boston_YCJ0O4 - DEBUG - objective:850.7860
2017-04-27 19:01:18,174 - boston_YCJ0O4 - DEBUG - objective:957.1638
2017-04-27 19:01:18,216 - boston_YCJ0O4 - DEBUG - objective:850.7839
2017-04-27 19:01:18,258 - boston_YCJ0O4 - DEBUG - objective:850.7838
2017-04-27 19:01:18,306 - boston_YCJ0O4 - DEBUG - objective:850.7838
2017-04-27 19:01:18,306 - boston_YCJ0O4 - INFO - hyp params
2017-04-27 19:01:18,395 - boston_YCJ0O4 - DEBUG - objective:850.7838
2017-04-27 19:01:18,502 - boston_YCJ0O4 - DEBUG - objective:2019.0129
2017-04-27 19:01:18,607 - boston_YCJ0O4 - DEBUG - objective:856.8719
2017-04-27 19:01:18,710 - boston_YCJ0O4 - DEBUG - objective:850.7346
2017-04-27 19:01:18,807 - boston_YCJ0O4 - DEBUG - objective:850.7344
2017-04-27 19:01:18,905 - boston_YCJ0O4 - DEBUG - objective:850.7326
2017-04-27 19:01:19,004 - boston_YCJ0O4 - DEBUG - objective:850.7295
2017-04-27 19:01:19,106 - boston_YCJ0O4 - DEBUG - objective:850.7231
2017-04-27 19:01:19,212 - boston_YCJ0O4 - DEBUG - objective:850.7162
2017-04-27 19:01:19,317 - boston_YCJ0O4 - DEBUG - objective:850.7125
2017-04-27 19:01:19,420 - boston_YCJ0O4 - DEBUG - objective:850.7118
2017-04-27 19:01:19,524 - boston_YCJ0O4 - DEBUG - objective:850.7116
2017-04-27 19:01:19,622 - boston_YCJ0O4 - DEBUG - objective:850.7116
2017-04-27 19:01:19,720 - boston_YCJ0O4 - DEBUG - objective:850.7116
2017-04-27 19:01:19,818 - boston_YCJ0O4 - DEBUG - objective:850.7116
2017-04-27 19:01:19,917 - boston_YCJ0O4 - DEBUG - objective:850.7116
2017-04-27 19:01:20,017 - boston_YCJ0O4 - DEBUG - objective:850.7116
2017-04-27 19:01:20,017 - boston_YCJ0O4 - DEBUG - objective:850.7116
2017-04-27 19:01:20,118 - boston_YCJ0O4 - DEBUG - objective:850.7116
2017-04-27 19:01:20,217 - boston_YCJ0O4 - DEBUG - objective:850.7116
2017-04-27 19:01:20,217 - boston_YCJ0O4 - DEBUG - objective:850.7116
2017-04-27 19:01:20,320 - boston_YCJ0O4 - DEBUG - objective:850.7116
2017-04-27 19:01:20,320 - boston_YCJ0O4 - DEBUG - objective:850.7116
2017-04-27 19:01:20,320 - boston_YCJ0O4 - DEBUG - objective:850.7116
2017-04-27 19:01:20,424 - boston_YCJ0O4 - DEBUG - objective:850.7116
2017-04-27 19:01:20,529 - boston_YCJ0O4 - DEBUG - objective:850.7116
2017-04-27 19:01:20,529 - boston_YCJ0O4 - INFO - iter started 8
2017-04-27 19:01:20,529 - boston_YCJ0O4 - INFO - MoG params
2017-04-27 19:01:20,578 - boston_YCJ0O4 - DEBUG - objective:850.7116
2017-04-27 19:01:20,625 - boston_YCJ0O4 - DEBUG - objective:884.1640
2017-04-27 19:01:20,675 - boston_YCJ0O4 - DEBUG - objective:850.6922
2017-04-27 19:01:20,722 - boston_YCJ0O4 - DEBUG - objective:850.6843
2017-04-27 19:01:20,772 - boston_YCJ0O4 - DEBUG - objective:850.6774
2017-04-27 19:01:20,819 - boston_YCJ0O4 - DEBUG - objective:850.6688
2017-04-27 19:01:20,869 - boston_YCJ0O4 - DEBUG - objective:850.6653
2017-04-27 19:01:20,941 - boston_YCJ0O4 - DEBUG - objective:850.6617
2017-04-27 19:01:21,013 - boston_YCJ0O4 - DEBUG - objective:850.6587
2017-04-27 19:01:21,058 - boston_YCJ0O4 - DEBUG - objective:850.6572
2017-04-27 19:01:21,102 - boston_YCJ0O4 - DEBUG - objective:850.6576
2017-04-27 19:01:21,150 - boston_YCJ0O4 - DEBUG - objective:850.6565
2017-04-27 19:01:21,196 - boston_YCJ0O4 - DEBUG - objective:850.6564
2017-04-27 19:01:21,238 - boston_YCJ0O4 - DEBUG - objective:850.6561
2017-04-27 19:01:21,282 - boston_YCJ0O4 - DEBUG - objective:850.6555
2017-04-27 19:01:21,327 - boston_YCJ0O4 - DEBUG - objective:850.6540
2017-04-27 19:01:21,369 - boston_YCJ0O4 - DEBUG - objective:850.6527
2017-04-27 19:01:21,412 - boston_YCJ0O4 - DEBUG - objective:850.6530
2017-04-27 19:01:21,458 - boston_YCJ0O4 - DEBUG - objective:850.6518
2017-04-27 19:01:21,500 - boston_YCJ0O4 - DEBUG - objective:850.6508
2017-04-27 19:01:21,544 - boston_YCJ0O4 - DEBUG - objective:850.6501
2017-04-27 19:01:21,594 - boston_YCJ0O4 - DEBUG - objective:850.6494
2017-04-27 19:01:21,641 - boston_YCJ0O4 - DEBUG - objective:850.6488
2017-04-27 19:01:21,695 - boston_YCJ0O4 - DEBUG - objective:850.6489
2017-04-27 19:01:21,742 - boston_YCJ0O4 - DEBUG - objective:850.6488
2017-04-27 19:01:21,795 - boston_YCJ0O4 - DEBUG - objective:850.6489
2017-04-27 19:01:21,842 - boston_YCJ0O4 - INFO - callback...
2017-04-27 19:01:21,846 - boston_YCJ0O4 - INFO - callback finished
2017-04-27 19:01:21,846 - boston_YCJ0O4 - DEBUG - ftol: 0.1371642897
2017-04-27 19:01:21,846 - boston_YCJ0O4 - INFO - diff:m:0.0192870403263 s:0.00208573836063
2017-04-27 19:01:21,847 - boston_YCJ0O4 - INFO - ll params
2017-04-27 19:01:21,898 - boston_YCJ0O4 - DEBUG - objective:850.6488
2017-04-27 19:01:21,946 - boston_YCJ0O4 - DEBUG - objective:957.8008
2017-04-27 19:01:21,997 - boston_YCJ0O4 - DEBUG - objective:850.6484
2017-04-27 19:01:22,044 - boston_YCJ0O4 - DEBUG - objective:850.6484
2017-04-27 19:01:22,095 - boston_YCJ0O4 - DEBUG - objective:850.6484
2017-04-27 19:01:22,095 - boston_YCJ0O4 - INFO - hyp params
2017-04-27 19:01:22,189 - boston_YCJ0O4 - DEBUG - objective:850.6484
2017-04-27 19:01:22,300 - boston_YCJ0O4 - DEBUG - objective:2027.7781
2017-04-27 19:01:22,408 - boston_YCJ0O4 - DEBUG - objective:856.8921
2017-04-27 19:01:22,542 - boston_YCJ0O4 - DEBUG - objective:850.6306
2017-04-27 19:01:22,671 - boston_YCJ0O4 - DEBUG - objective:850.6306
2017-04-27 19:01:22,782 - boston_YCJ0O4 - DEBUG - objective:850.6304
2017-04-27 19:01:22,890 - boston_YCJ0O4 - DEBUG - objective:850.6300
2017-04-27 19:01:23,000 - boston_YCJ0O4 - DEBUG - objective:850.6289
2017-04-27 19:01:23,110 - boston_YCJ0O4 - DEBUG - objective:850.6274
2017-04-27 19:01:23,220 - boston_YCJ0O4 - DEBUG - objective:850.6255
2017-04-27 19:01:23,347 - boston_YCJ0O4 - DEBUG - objective:850.6255
2017-04-27 19:01:23,464 - boston_YCJ0O4 - DEBUG - objective:850.6254
2017-04-27 19:01:23,567 - boston_YCJ0O4 - DEBUG - objective:850.6254
2017-04-27 19:01:23,670 - boston_YCJ0O4 - DEBUG - objective:850.6254
2017-04-27 19:01:23,671 - boston_YCJ0O4 - INFO - iter started 9
2017-04-27 19:01:23,671 - boston_YCJ0O4 - INFO - MoG params
2017-04-27 19:01:23,727 - boston_YCJ0O4 - DEBUG - objective:850.6254
2017-04-27 19:01:23,776 - boston_YCJ0O4 - DEBUG - objective:883.3296
2017-04-27 19:01:23,832 - boston_YCJ0O4 - DEBUG - objective:850.6185
2017-04-27 19:01:23,882 - boston_YCJ0O4 - DEBUG - objective:850.6156
2017-04-27 19:01:23,938 - boston_YCJ0O4 - DEBUG - objective:850.6127
2017-04-27 19:01:23,988 - boston_YCJ0O4 - DEBUG - objective:850.6088
2017-04-27 19:01:24,037 - boston_YCJ0O4 - DEBUG - objective:850.6072
2017-04-27 19:01:24,085 - boston_YCJ0O4 - DEBUG - objective:850.6049
2017-04-27 19:01:24,167 - boston_YCJ0O4 - DEBUG - objective:850.6046
2017-04-27 19:01:24,234 - boston_YCJ0O4 - DEBUG - objective:850.6050
2017-04-27 19:01:24,286 - boston_YCJ0O4 - DEBUG - objective:850.6047
2017-04-27 19:01:24,333 - boston_YCJ0O4 - DEBUG - objective:850.6046
2017-04-27 19:01:24,382 - boston_YCJ0O4 - DEBUG - objective:850.6046
2017-04-27 19:01:24,426 - boston_YCJ0O4 - DEBUG - objective:850.6046
2017-04-27 19:01:24,472 - boston_YCJ0O4 - DEBUG - objective:850.6046
2017-04-27 19:01:24,515 - boston_YCJ0O4 - DEBUG - objective:850.6046
2017-04-27 19:01:24,564 - boston_YCJ0O4 - DEBUG - objective:850.6046
2017-04-27 19:01:24,612 - boston_YCJ0O4 - DEBUG - objective:850.6046
2017-04-27 19:01:24,655 - boston_YCJ0O4 - DEBUG - objective:850.6046
2017-04-27 19:01:24,703 - boston_YCJ0O4 - DEBUG - objective:850.6046
2017-04-27 19:01:24,748 - boston_YCJ0O4 - DEBUG - objective:850.6046
2017-04-27 19:01:24,790 - boston_YCJ0O4 - DEBUG - objective:850.6046
2017-04-27 19:01:24,833 - boston_YCJ0O4 - DEBUG - objective:850.6046
2017-04-27 19:01:24,878 - boston_YCJ0O4 - DEBUG - objective:850.6046
2017-04-27 19:01:24,931 - boston_YCJ0O4 - DEBUG - objective:850.6046
2017-04-27 19:01:24,990 - boston_YCJ0O4 - DEBUG - objective:850.6046
2017-04-27 19:01:25,039 - boston_YCJ0O4 - INFO - callback...
2017-04-27 19:01:25,044 - boston_YCJ0O4 - INFO - callback finished
2017-04-27 19:01:25,044 - boston_YCJ0O4 - DEBUG - ftol: 0.0441450758289
2017-04-27 19:01:25,044 - boston_YCJ0O4 - INFO - diff:m:0.00746438815969 s:0.000845756854888
2017-04-27 19:01:25,044 - boston_YCJ0O4 - INFO - ll params
2017-04-27 19:01:25,087 - boston_YCJ0O4 - DEBUG - objective:850.6046
2017-04-27 19:01:25,131 - boston_YCJ0O4 - DEBUG - objective:957.9618
2017-04-27 19:01:25,173 - boston_YCJ0O4 - DEBUG - objective:850.6045
2017-04-27 19:01:25,217 - boston_YCJ0O4 - DEBUG - objective:850.6045
2017-04-27 19:01:25,260 - boston_YCJ0O4 - DEBUG - objective:850.6045
2017-04-27 19:01:25,261 - boston_YCJ0O4 - INFO - hyp params
2017-04-27 19:01:25,350 - boston_YCJ0O4 - DEBUG - objective:850.6045
2017-04-27 19:01:25,449 - boston_YCJ0O4 - DEBUG - objective:2039.0391
2017-04-27 19:01:25,552 - boston_YCJ0O4 - DEBUG - objective:857.0220
2017-04-27 19:01:25,655 - boston_YCJ0O4 - DEBUG - objective:850.6008
2017-04-27 19:01:25,759 - boston_YCJ0O4 - DEBUG - objective:850.6008
2017-04-27 19:01:25,863 - boston_YCJ0O4 - DEBUG - objective:850.6008
2017-04-27 19:01:25,967 - boston_YCJ0O4 - DEBUG - objective:850.6008
2017-04-27 19:01:26,070 - boston_YCJ0O4 - DEBUG - objective:850.6008
2017-04-27 19:01:26,173 - boston_YCJ0O4 - DEBUG - objective:850.6008
2017-04-27 19:01:26,278 - boston_YCJ0O4 - DEBUG - objective:850.6008
2017-04-27 19:01:26,381 - boston_YCJ0O4 - DEBUG - objective:850.6008
2017-04-27 19:01:26,485 - boston_YCJ0O4 - DEBUG - objective:850.6008
2017-04-27 19:01:26,635 - boston_YCJ0O4 - DEBUG - objective:850.6008
2017-04-27 19:01:26,737 - boston_YCJ0O4 - DEBUG - objective:850.6008
2017-04-27 19:01:26,836 - boston_YCJ0O4 - DEBUG - objective:850.6008
2017-04-27 19:01:26,939 - boston_YCJ0O4 - DEBUG - objective:850.6008
2017-04-27 19:01:26,939 - boston_YCJ0O4 - DEBUG - objective:850.6008
2017-04-27 19:01:27,043 - boston_YCJ0O4 - DEBUG - objective:850.6008
2017-04-27 19:01:27,146 - boston_YCJ0O4 - DEBUG - objective:850.6008
2017-04-27 19:01:27,251 - boston_YCJ0O4 - DEBUG - objective:850.6008
2017-04-27 19:01:27,418 - boston_YCJ0O4 - DEBUG - objective:850.6008
2017-04-27 19:01:27,418 - boston_YCJ0O4 - DEBUG - objective:850.6008
2017-04-27 19:01:27,418 - boston_YCJ0O4 - DEBUG - objective:850.6008
2017-04-27 19:01:27,419 - boston_YCJ0O4 - DEBUG - objective:850.6008
2017-04-27 19:01:27,522 - boston_YCJ0O4 - DEBUG - objective:852.6376
2017-04-27 19:01:27,629 - boston_YCJ0O4 - DEBUG - objective:850.6009
2017-04-27 19:01:27,738 - boston_YCJ0O4 - INFO - iter started 10
2017-04-27 19:01:27,739 - boston_YCJ0O4 - INFO - MoG params
2017-04-27 19:01:27,795 - boston_YCJ0O4 - DEBUG - objective:850.6008
2017-04-27 19:01:27,844 - boston_YCJ0O4 - DEBUG - objective:887.7330
2017-04-27 19:01:27,900 - boston_YCJ0O4 - DEBUG - objective:850.6000
2017-04-27 19:01:27,950 - boston_YCJ0O4 - DEBUG - objective:850.5995
2017-04-27 19:01:28,007 - boston_YCJ0O4 - DEBUG - objective:850.5986
2017-04-27 19:01:28,057 - boston_YCJ0O4 - DEBUG - objective:850.5975
2017-04-27 19:01:28,148 - boston_YCJ0O4 - DEBUG - objective:850.5951
2017-04-27 19:01:28,210 - boston_YCJ0O4 - DEBUG - objective:850.5930
2017-04-27 19:01:28,276 - boston_YCJ0O4 - DEBUG - objective:850.5920
2017-04-27 19:01:28,332 - boston_YCJ0O4 - DEBUG - objective:850.5911
2017-04-27 19:01:28,382 - boston_YCJ0O4 - DEBUG - objective:850.5904
2017-04-27 19:01:28,438 - boston_YCJ0O4 - DEBUG - objective:850.5905
2017-04-27 19:01:28,487 - boston_YCJ0O4 - DEBUG - objective:850.5902
2017-04-27 19:01:28,544 - boston_YCJ0O4 - DEBUG - objective:850.5896
2017-04-27 19:01:28,594 - boston_YCJ0O4 - DEBUG - objective:850.5889
2017-04-27 19:01:28,638 - boston_YCJ0O4 - DEBUG - objective:850.5879
2017-04-27 19:01:28,681 - boston_YCJ0O4 - DEBUG - objective:850.5876
2017-04-27 19:01:28,724 - boston_YCJ0O4 - DEBUG - objective:850.5874
2017-04-27 19:01:28,769 - boston_YCJ0O4 - DEBUG - objective:850.5872
2017-04-27 19:01:28,811 - boston_YCJ0O4 - DEBUG - objective:850.5871
2017-04-27 19:01:28,855 - boston_YCJ0O4 - DEBUG - objective:850.5876
2017-04-27 19:01:28,938 - boston_YCJ0O4 - DEBUG - objective:850.5871
2017-04-27 19:01:29,026 - boston_YCJ0O4 - DEBUG - objective:850.5871
2017-04-27 19:01:29,071 - boston_YCJ0O4 - DEBUG - objective:850.5871
2017-04-27 19:01:29,113 - boston_YCJ0O4 - DEBUG - objective:850.5871
2017-04-27 19:01:29,157 - boston_YCJ0O4 - DEBUG - objective:850.5871
2017-04-27 19:01:29,157 - boston_YCJ0O4 - INFO - callback...
2017-04-27 19:01:29,162 - boston_YCJ0O4 - INFO - callback finished
2017-04-27 19:01:29,162 - boston_YCJ0O4 - DEBUG - ftol: 0.0175447657077
2017-04-27 19:01:29,162 - boston_YCJ0O4 - INFO - diff:m:0.0139034120599 s:0.00129133926856
2017-04-27 19:01:29,162 - boston_YCJ0O4 - INFO - ll params
2017-04-27 19:01:29,208 - boston_YCJ0O4 - DEBUG - objective:850.5871
2017-04-27 19:01:29,251 - boston_YCJ0O4 - DEBUG - objective:905.7381
2017-04-27 19:01:29,294 - boston_YCJ0O4 - DEBUG - objective:850.5871
2017-04-27 19:01:29,336 - boston_YCJ0O4 - DEBUG - objective:850.5871
2017-04-27 19:01:29,336 - boston_YCJ0O4 - INFO - hyp params
2017-04-27 19:01:29,427 - boston_YCJ0O4 - DEBUG - objective:850.5871
2017-04-27 19:01:29,526 - boston_YCJ0O4 - DEBUG - objective:2025.3906
2017-04-27 19:01:29,624 - boston_YCJ0O4 - DEBUG - objective:856.8829
2017-04-27 19:01:29,730 - boston_YCJ0O4 - DEBUG - objective:850.5851
2017-04-27 19:01:29,834 - boston_YCJ0O4 - DEBUG - objective:850.5851
2017-04-27 19:01:29,939 - boston_YCJ0O4 - DEBUG - objective:850.5851
2017-04-27 19:01:30,042 - boston_YCJ0O4 - DEBUG - objective:850.5851
2017-04-27 19:01:30,146 - boston_YCJ0O4 - DEBUG - objective:850.5851
2017-04-27 19:01:30,250 - boston_YCJ0O4 - DEBUG - objective:850.5851
2017-04-27 19:01:30,353 - boston_YCJ0O4 - DEBUG - objective:850.5851
2017-04-27 19:01:30,456 - boston_YCJ0O4 - DEBUG - objective:850.5851
2017-04-27 19:01:30,560 - boston_YCJ0O4 - DEBUG - objective:850.5851
2017-04-27 19:01:30,664 - boston_YCJ0O4 - DEBUG - objective:850.5851
2017-04-27 19:01:30,768 - boston_YCJ0O4 - DEBUG - objective:850.5851
2017-04-27 19:01:30,872 - boston_YCJ0O4 - DEBUG - objective:850.5851
2017-04-27 19:01:30,984 - boston_YCJ0O4 - DEBUG - objective:850.5851
2017-04-27 19:01:31,088 - boston_YCJ0O4 - DEBUG - objective:850.5850
2017-04-27 19:01:31,192 - boston_YCJ0O4 - DEBUG - objective:850.5847
2017-04-27 19:01:31,296 - boston_YCJ0O4 - DEBUG - objective:850.5844
2017-04-27 19:01:31,416 - boston_YCJ0O4 - DEBUG - objective:850.5842
2017-04-27 19:01:31,519 - boston_YCJ0O4 - DEBUG - objective:850.5840
2017-04-27 19:01:31,623 - boston_YCJ0O4 - DEBUG - objective:850.5840
2017-04-27 19:01:31,730 - boston_YCJ0O4 - DEBUG - objective:850.5840
2017-04-27 19:01:31,835 - boston_YCJ0O4 - DEBUG - objective:850.5840
2017-04-27 19:01:31,835 - boston_YCJ0O4 - INFO - iter started 11
2017-04-27 19:01:31,835 - boston_YCJ0O4 - INFO - MoG params
2017-04-27 19:01:31,885 - boston_YCJ0O4 - DEBUG - objective:850.5840
2017-04-27 19:01:31,933 - boston_YCJ0O4 - DEBUG - objective:883.7774
2017-04-27 19:01:31,982 - boston_YCJ0O4 - DEBUG - objective:850.5822
2017-04-27 19:01:32,030 - boston_YCJ0O4 - DEBUG - objective:850.5816
2017-04-27 19:01:32,081 - boston_YCJ0O4 - DEBUG - objective:850.5809
2017-04-27 19:01:32,131 - boston_YCJ0O4 - DEBUG - objective:850.5795
2017-04-27 19:01:32,179 - boston_YCJ0O4 - DEBUG - objective:850.5785
2017-04-27 19:01:32,227 - boston_YCJ0O4 - DEBUG - objective:850.5787
2017-04-27 19:01:32,276 - boston_YCJ0O4 - DEBUG - objective:850.5785
2017-04-27 19:01:32,324 - boston_YCJ0O4 - DEBUG - objective:850.5785
2017-04-27 19:01:32,373 - boston_YCJ0O4 - DEBUG - objective:850.5785
2017-04-27 19:01:32,421 - boston_YCJ0O4 - DEBUG - objective:850.5785
2017-04-27 19:01:32,470 - boston_YCJ0O4 - DEBUG - objective:850.5785
2017-04-27 19:01:32,518 - boston_YCJ0O4 - DEBUG - objective:850.5785
2017-04-27 19:01:32,568 - boston_YCJ0O4 - DEBUG - objective:850.5785
2017-04-27 19:01:32,615 - boston_YCJ0O4 - DEBUG - objective:850.5785
2017-04-27 19:01:32,664 - boston_YCJ0O4 - DEBUG - objective:850.5785
2017-04-27 19:01:32,711 - boston_YCJ0O4 - DEBUG - objective:850.5785
2017-04-27 19:01:32,760 - boston_YCJ0O4 - DEBUG - objective:850.5785
2017-04-27 19:01:32,808 - boston_YCJ0O4 - DEBUG - objective:850.5785
2017-04-27 19:01:32,857 - boston_YCJ0O4 - DEBUG - objective:850.5785
2017-04-27 19:01:32,907 - boston_YCJ0O4 - DEBUG - objective:850.5785
2017-04-27 19:01:32,957 - boston_YCJ0O4 - DEBUG - objective:850.5785
2017-04-27 19:01:32,957 - boston_YCJ0O4 - INFO - callback...
2017-04-27 19:01:32,962 - boston_YCJ0O4 - INFO - callback finished
2017-04-27 19:01:32,962 - boston_YCJ0O4 - DEBUG - ftol: 0.00859861339757
2017-04-27 19:01:32,962 - boston_YCJ0O4 - INFO - diff:m:0.0026910164991 s:0.000170598543515
2017-04-27 19:01:32,962 - boston_YCJ0O4 - INFO - ll params
2017-04-27 19:01:33,011 - boston_YCJ0O4 - DEBUG - objective:850.5785
2017-04-27 19:01:33,060 - boston_YCJ0O4 - DEBUG - objective:958.2259
2017-04-27 19:01:33,105 - boston_YCJ0O4 - DEBUG - objective:850.5785
2017-04-27 19:01:33,155 - boston_YCJ0O4 - DEBUG - objective:850.5785
2017-04-27 19:01:33,155 - boston_YCJ0O4 - INFO - hyp params
2017-04-27 19:01:33,249 - boston_YCJ0O4 - DEBUG - objective:850.5785
2017-04-27 19:01:33,353 - boston_YCJ0O4 - DEBUG - objective:2036.6718
2017-04-27 19:01:33,451 - boston_YCJ0O4 - DEBUG - objective:856.9855
2017-04-27 19:01:33,555 - boston_YCJ0O4 - DEBUG - objective:850.5782
2017-04-27 19:01:33,658 - boston_YCJ0O4 - DEBUG - objective:850.5782
2017-04-27 19:01:33,765 - boston_YCJ0O4 - DEBUG - objective:850.5782
2017-04-27 19:01:33,868 - boston_YCJ0O4 - DEBUG - objective:850.5782
2017-04-27 19:01:33,971 - boston_YCJ0O4 - DEBUG - objective:850.5782
2017-04-27 19:01:34,075 - boston_YCJ0O4 - DEBUG - objective:850.5782
2017-04-27 19:01:34,178 - boston_YCJ0O4 - DEBUG - objective:850.5782
2017-04-27 19:01:34,285 - boston_YCJ0O4 - DEBUG - objective:850.5782
2017-04-27 19:01:34,390 - boston_YCJ0O4 - DEBUG - objective:850.5782
2017-04-27 19:01:34,494 - boston_YCJ0O4 - DEBUG - objective:850.5782
2017-04-27 19:01:34,494 - boston_YCJ0O4 - DEBUG - objective:850.5782
2017-04-27 19:01:34,600 - boston_YCJ0O4 - DEBUG - objective:850.5782
2017-04-27 19:01:34,704 - boston_YCJ0O4 - DEBUG - objective:850.5782
2017-04-27 19:01:34,704 - boston_YCJ0O4 - DEBUG - objective:850.5782
2017-04-27 19:01:34,807 - boston_YCJ0O4 - DEBUG - objective:850.5782
2017-04-27 19:01:34,911 - boston_YCJ0O4 - DEBUG - objective:850.5782
2017-04-27 19:01:34,911 - boston_YCJ0O4 - DEBUG - objective:850.5782
2017-04-27 19:01:35,015 - boston_YCJ0O4 - DEBUG - objective:850.5782
2017-04-27 19:01:35,119 - boston_YCJ0O4 - DEBUG - objective:850.5782
2017-04-27 19:01:35,119 - boston_YCJ0O4 - DEBUG - objective:850.5782
2017-04-27 19:01:35,223 - boston_YCJ0O4 - DEBUG - objective:850.5782
2017-04-27 19:01:35,349 - boston_YCJ0O4 - DEBUG - objective:850.8976
2017-04-27 19:01:35,472 - boston_YCJ0O4 - DEBUG - objective:850.5783
2017-04-27 19:01:35,574 - boston_YCJ0O4 - INFO - iter started 12
2017-04-27 19:01:35,574 - boston_YCJ0O4 - INFO - MoG params
2017-04-27 19:01:35,624 - boston_YCJ0O4 - DEBUG - objective:850.5782
2017-04-27 19:01:35,672 - boston_YCJ0O4 - DEBUG - objective:910.6142
2017-04-27 19:01:35,722 - boston_YCJ0O4 - DEBUG - objective:850.5783
2017-04-27 19:01:35,770 - boston_YCJ0O4 - DEBUG - objective:850.5782
2017-04-27 19:01:35,820 - boston_YCJ0O4 - DEBUG - objective:850.5782
2017-04-27 19:01:35,868 - boston_YCJ0O4 - DEBUG - objective:850.5782
2017-04-27 19:01:35,918 - boston_YCJ0O4 - DEBUG - objective:850.5782
2017-04-27 19:01:35,966 - boston_YCJ0O4 - DEBUG - objective:850.5782
2017-04-27 19:01:36,015 - boston_YCJ0O4 - DEBUG - objective:850.5782
2017-04-27 19:01:36,063 - boston_YCJ0O4 - DEBUG - objective:850.5782
2017-04-27 19:01:36,129 - boston_YCJ0O4 - DEBUG - objective:850.5781
2017-04-27 19:01:36,242 - boston_YCJ0O4 - DEBUG - objective:850.5781
2017-04-27 19:01:36,297 - boston_YCJ0O4 - DEBUG - objective:850.5774
2017-04-27 19:01:36,346 - boston_YCJ0O4 - DEBUG - objective:850.5761
2017-04-27 19:01:36,391 - boston_YCJ0O4 - DEBUG - objective:850.5753
2017-04-27 19:01:36,434 - boston_YCJ0O4 - DEBUG - objective:850.5756
2017-04-27 19:01:36,478 - boston_YCJ0O4 - DEBUG - objective:850.5747
2017-04-27 19:01:36,525 - boston_YCJ0O4 - DEBUG - objective:850.5745
2017-04-27 19:01:36,568 - boston_YCJ0O4 - DEBUG - objective:850.5743
2017-04-27 19:01:36,615 - boston_YCJ0O4 - DEBUG - objective:850.5740
2017-04-27 19:01:36,660 - boston_YCJ0O4 - DEBUG - objective:850.5736
2017-04-27 19:01:36,703 - boston_YCJ0O4 - DEBUG - objective:850.5732
2017-04-27 19:01:36,746 - boston_YCJ0O4 - DEBUG - objective:850.5731
2017-04-27 19:01:36,791 - boston_YCJ0O4 - DEBUG - objective:850.5730
2017-04-27 19:01:36,834 - boston_YCJ0O4 - DEBUG - objective:850.5728
2017-04-27 19:01:36,883 - boston_YCJ0O4 - DEBUG - objective:850.5725
2017-04-27 19:01:36,884 - boston_YCJ0O4 - INFO - callback...
2017-04-27 19:01:36,889 - boston_YCJ0O4 - INFO - callback finished
2017-04-27 19:01:36,889 - boston_YCJ0O4 - DEBUG - ftol: 0.00604498275584
2017-04-27 19:01:36,889 - boston_YCJ0O4 - INFO - diff:m:0.00992250336436 s:0.00070096407415
2017-04-27 19:01:36,889 - boston_YCJ0O4 - INFO - ll params
2017-04-27 19:01:36,936 - boston_YCJ0O4 - DEBUG - objective:850.5725
2017-04-27 19:01:36,979 - boston_YCJ0O4 - DEBUG - objective:905.7309
2017-04-27 19:01:37,024 - boston_YCJ0O4 - DEBUG - objective:850.5724
2017-04-27 19:01:37,069 - boston_YCJ0O4 - DEBUG - objective:850.5724
2017-04-27 19:01:37,069 - boston_YCJ0O4 - INFO - hyp params
2017-04-27 19:01:37,256 - boston_YCJ0O4 - DEBUG - objective:850.5724
2017-04-27 19:01:37,390 - boston_YCJ0O4 - DEBUG - objective:1903.8545
2017-04-27 19:01:37,510 - boston_YCJ0O4 - DEBUG - objective:855.9688
2017-04-27 19:01:37,616 - boston_YCJ0O4 - DEBUG - objective:850.5722
2017-04-27 19:01:37,735 - boston_YCJ0O4 - DEBUG - objective:850.5722
2017-04-27 19:01:37,858 - boston_YCJ0O4 - DEBUG - objective:850.5722
2017-04-27 19:01:37,986 - boston_YCJ0O4 - DEBUG - objective:850.5722
2017-04-27 19:01:38,141 - boston_YCJ0O4 - DEBUG - objective:850.5722
2017-04-27 19:01:38,279 - boston_YCJ0O4 - DEBUG - objective:850.5722
2017-04-27 19:01:38,406 - boston_YCJ0O4 - DEBUG - objective:850.5722
2017-04-27 19:01:38,529 - boston_YCJ0O4 - DEBUG - objective:850.5722
2017-04-27 19:01:38,664 - boston_YCJ0O4 - DEBUG - objective:850.5722
2017-04-27 19:01:38,771 - boston_YCJ0O4 - DEBUG - objective:850.5722
2017-04-27 19:01:38,923 - boston_YCJ0O4 - DEBUG - objective:850.5723
2017-04-27 19:01:39,069 - boston_YCJ0O4 - DEBUG - objective:850.5722
2017-04-27 19:01:39,222 - boston_YCJ0O4 - DEBUG - objective:850.5722
2017-04-27 19:01:39,334 - boston_YCJ0O4 - DEBUG - objective:850.5722
2017-04-27 19:01:39,479 - boston_YCJ0O4 - DEBUG - objective:850.5722
2017-04-27 19:01:39,580 - boston_YCJ0O4 - DEBUG - objective:850.5722
2017-04-27 19:01:39,681 - boston_YCJ0O4 - DEBUG - objective:850.5722
2017-04-27 19:01:39,781 - boston_YCJ0O4 - DEBUG - objective:850.5722
2017-04-27 19:01:39,885 - boston_YCJ0O4 - DEBUG - objective:850.5722
2017-04-27 19:01:39,983 - boston_YCJ0O4 - DEBUG - objective:850.5722
2017-04-27 19:01:40,084 - boston_YCJ0O4 - DEBUG - objective:850.5722
2017-04-27 19:01:40,216 - boston_YCJ0O4 - DEBUG - objective:850.5722
2017-04-27 19:01:40,342 - boston_YCJ0O4 - DEBUG - objective:850.5727
2017-04-27 19:01:40,468 - boston_YCJ0O4 - INFO - iter started 13
2017-04-27 19:01:40,469 - boston_YCJ0O4 - INFO - MoG params
2017-04-27 19:01:40,524 - boston_YCJ0O4 - DEBUG - objective:850.5722
2017-04-27 19:01:40,574 - boston_YCJ0O4 - DEBUG - objective:919.3977
2017-04-27 19:01:40,626 - boston_YCJ0O4 - DEBUG - objective:850.5719
2017-04-27 19:01:40,674 - boston_YCJ0O4 - DEBUG - objective:850.5718
2017-04-27 19:01:40,726 - boston_YCJ0O4 - DEBUG - objective:850.5712
2017-04-27 19:01:40,775 - boston_YCJ0O4 - DEBUG - objective:850.5710
2017-04-27 19:01:40,829 - boston_YCJ0O4 - DEBUG - objective:850.5711
2017-04-27 19:01:40,878 - boston_YCJ0O4 - DEBUG - objective:850.5711
2017-04-27 19:01:40,932 - boston_YCJ0O4 - DEBUG - objective:850.5711
2017-04-27 19:01:40,981 - boston_YCJ0O4 - DEBUG - objective:850.5711
2017-04-27 19:01:41,033 - boston_YCJ0O4 - DEBUG - objective:850.5711
2017-04-27 19:01:41,081 - boston_YCJ0O4 - DEBUG - objective:850.5711
2017-04-27 19:01:41,133 - boston_YCJ0O4 - DEBUG - objective:850.5711
2017-04-27 19:01:41,181 - boston_YCJ0O4 - DEBUG - objective:850.5711
2017-04-27 19:01:41,234 - boston_YCJ0O4 - DEBUG - objective:850.5711
2017-04-27 19:01:41,287 - boston_YCJ0O4 - DEBUG - objective:850.5711
2017-04-27 19:01:41,350 - boston_YCJ0O4 - DEBUG - objective:850.5711
2017-04-27 19:01:41,410 - boston_YCJ0O4 - DEBUG - objective:850.5711
2017-04-27 19:01:41,410 - boston_YCJ0O4 - DEBUG - objective:850.5711
2017-04-27 19:01:41,468 - boston_YCJ0O4 - DEBUG - objective:850.5711
2017-04-27 19:01:41,521 - boston_YCJ0O4 - DEBUG - objective:850.5711
2017-04-27 19:01:41,522 - boston_YCJ0O4 - DEBUG - objective:850.5711
2017-04-27 19:01:41,569 - boston_YCJ0O4 - DEBUG - objective:850.5711
2017-04-27 19:01:41,570 - boston_YCJ0O4 - DEBUG - objective:850.5711
2017-04-27 19:01:41,570 - boston_YCJ0O4 - DEBUG - objective:850.5711
2017-04-27 19:01:41,616 - boston_YCJ0O4 - DEBUG - objective:850.5711
2017-04-27 19:01:41,662 - boston_YCJ0O4 - INFO - callback...
2017-04-27 19:01:41,667 - boston_YCJ0O4 - INFO - callback finished
2017-04-27 19:01:41,667 - boston_YCJ0O4 - DEBUG - ftol: 0.00141464270791
2017-04-27 19:01:41,667 - boston_YCJ0O4 - INFO - diff:m:0.000864193655347 s:8.71613024309e-05
2017-04-27 19:01:41,668 - boston_YCJ0O4 - INFO - best obj found: 850.571038358
2017-04-27 19:01:41,668 - boston_YCJ0O4 - DEBUG - prediction started...
2017-04-27 19:01:41,670 - boston_YCJ0O4 - DEBUG - prediction finished
